# JRE version: Java(TM) SE Runtime Environment (17.0.5+9) (build 17.0.5+9-LTS-191)
# Java VM: Java HotSpot(TM) 64-Bit Server VM (17.0.5+9-LTS-191, mixed mode, sharing, tiered, compressed oops, compressed class ptrs, g1 gc, windows-amd64)
GC Precious Log:
 CPUs: 12 total, 12 available
 Memory: 16315M
 Large Page Support: Disabled
 NUMA Support: Disabled
 Compressed Oops: Enabled (Zero based)
 Heap Region Size: 2M
 Heap Min Capacity: 8M
 Heap Initial Capacity: 256M
 Heap Max Capacity: 4080M
 Pre-touch: Disabled
 Parallel Workers: 10
 Concurrent Workers: 3
 Concurrent Refinement Workers: 10
 Periodic GC: Disabled
Heap:
 garbage-first heap   total 75776K, used 34002K [0x0000000701000000, 0x0000000800000000)
  region size 2048K, 8 young (16384K), 3 survivors (6144K)
 Metaspace       used 61002K, committed 61440K, reserved 1105920K
  class space    used 8174K, committed 8384K, reserved 1048576K
GC Heap History (20 events):
Event: 0.765 GC heap before
{Heap before GC invocations=1 (full 0):
 garbage-first heap   total 262144K, used 32754K [0x0000000701000000, 0x0000000800000000)
  region size 2048K, 16 young (32768K), 2 survivors (4096K)
 Metaspace       used 13524K, committed 13760K, reserved 1064960K
  class space    used 1645K, committed 1792K, reserved 1048576K
}
Event: 0.769 GC heap after
{Heap after GC invocations=2 (full 0):
 garbage-first heap   total 262144K, used 8496K [0x0000000701000000, 0x0000000800000000)
  region size 2048K, 2 young (4096K), 2 survivors (4096K)
 Metaspace       used 13524K, committed 13760K, reserved 1064960K
  class space    used 1645K, committed 1792K, reserved 1048576K
}
Event: 1.417 GC heap before
{Heap before GC invocations=2 (full 0):
 garbage-first heap   total 262144K, used 55600K [0x0000000701000000, 0x0000000800000000)
  region size 2048K, 27 young (55296K), 2 survivors (4096K)
 Metaspace       used 21194K, committed 21504K, reserved 1073152K
  class space    used 2668K, committed 2816K, reserved 1048576K
}
Event: 1.421 GC heap after
{Heap after GC invocations=3 (full 0):
 garbage-first heap   total 262144K, used 12355K [0x0000000701000000, 0x0000000800000000)
  region size 2048K, 3 young (6144K), 3 survivors (6144K)
 Metaspace       used 21194K, committed 21504K, reserved 1073152K
  class space    used 2668K, committed 2816K, reserved 1048576K
}
Event: 1.865 GC heap before
{Heap before GC invocations=4 (full 0):
 garbage-first heap   total 55296K, used 38979K [0x0000000701000000, 0x0000000800000000)
  region size 2048K, 16 young (32768K), 3 survivors (6144K)
 Metaspace       used 26974K, committed 27456K, reserved 1073152K
  class space    used 3439K, committed 3648K, reserved 1048576K
}
Event: 1.871 GC heap after
{Heap after GC invocations=5 (full 0):
 garbage-first heap   total 55296K, used 15472K [0x0000000701000000, 0x0000000800000000)
  region size 2048K, 2 young (4096K), 2 survivors (4096K)
 Metaspace       used 26974K, committed 27456K, reserved 1073152K
  class space    used 3439K, committed 3648K, reserved 1048576K
}
Event: 1.899 GC heap before
{Heap before GC invocations=5 (full 0):
 garbage-first heap   total 55296K, used 17520K [0x0000000701000000, 0x0000000800000000)
  region size 2048K, 3 young (6144K), 2 survivors (4096K)
 Metaspace       used 27189K, committed 27648K, reserved 1073152K
  class space    used 3487K, committed 3712K, reserved 1048576K
}
Event: 1.902 GC heap after
{Heap after GC invocations=6 (full 0):
 garbage-first heap   total 55296K, used 15847K [0x0000000701000000, 0x0000000800000000)
  region size 2048K, 1 young (2048K), 1 survivors (2048K)
 Metaspace       used 27189K, committed 27648K, reserved 1073152K
  class space    used 3487K, committed 3712K, reserved 1048576K
}
Event: 2.132 GC heap before
{Heap before GC invocations=6 (full 0):
 garbage-first heap   total 55296K, used 34279K [0x0000000701000000, 0x0000000800000000)
  region size 2048K, 10 young (20480K), 1 survivors (2048K)
 Metaspace       used 31894K, committed 32320K, reserved 1081344K
  class space    used 4192K, committed 4416K, reserved 1048576K
}
Event: 2.134 GC heap after
{Heap after GC invocations=7 (full 0):
 garbage-first heap   total 159744K, used 16243K [0x0000000701000000, 0x0000000800000000)
  region size 2048K, 1 young (2048K), 1 survivors (2048K)
 Metaspace       used 31894K, committed 32320K, reserved 1081344K
  class space    used 4192K, committed 4416K, reserved 1048576K
}
Event: 2.277 GC heap before
{Heap before GC invocations=7 (full 0):
 garbage-first heap   total 159744K, used 26483K [0x0000000701000000, 0x0000000800000000)
  region size 2048K, 7 young (14336K), 1 survivors (2048K)
 Metaspace       used 35587K, committed 35968K, reserved 1081344K
  class space    used 4629K, committed 4800K, reserved 1048576K
}
Event: 2.279 GC heap after
{Heap after GC invocations=8 (full 0):
 garbage-first heap   total 159744K, used 17516K [0x0000000701000000, 0x0000000800000000)
  region size 2048K, 2 young (4096K), 2 survivors (4096K)
 Metaspace       used 35587K, committed 35968K, reserved 1081344K
  class space    used 4629K, committed 4800K, reserved 1048576K
}
Event: 2.941 GC heap before
{Heap before GC invocations=9 (full 0):
 garbage-first heap   total 75776K, used 58476K [0x0000000701000000, 0x0000000800000000)
  region size 2048K, 22 young (45056K), 2 survivors (4096K)
 Metaspace       used 48574K, committed 48960K, reserved 1097728K
  class space    used 6534K, committed 6720K, reserved 1048576K
}
Event: 2.943 GC heap after
{Heap after GC invocations=10 (full 0):
 garbage-first heap   total 75776K, used 20008K [0x0000000701000000, 0x0000000800000000)
  region size 2048K, 3 young (6144K), 3 survivors (6144K)
 Metaspace       used 48574K, committed 48960K, reserved 1097728K
  class space    used 6534K, committed 6720K, reserved 1048576K
}
Event: 2.968 GC heap before
{Heap before GC invocations=10 (full 0):
 garbage-first heap   total 75776K, used 22056K [0x0000000701000000, 0x0000000800000000)
  region size 2048K, 4 young (8192K), 3 survivors (6144K)
 Metaspace       used 49083K, committed 49536K, reserved 1097728K
  class space    used 6622K, committed 6848K, reserved 1048576K
}
Event: 2.971 GC heap after
{Heap after GC invocations=11 (full 0):
 garbage-first heap   total 75776K, used 20222K [0x0000000701000000, 0x0000000800000000)
  region size 2048K, 1 young (2048K), 1 survivors (2048K)
 Metaspace       used 49083K, committed 49536K, reserved 1097728K
  class space    used 6622K, committed 6848K, reserved 1048576K
}
Event: 3.427 GC heap before
{Heap before GC invocations=11 (full 0):
 garbage-first heap   total 75776K, used 52990K [0x0000000701000000, 0x0000000800000000)
  region size 2048K, 18 young (36864K), 1 survivors (2048K)
 Metaspace       used 54823K, committed 55232K, reserved 1097728K
  class space    used 7395K, committed 7616K, reserved 1048576K
}
Event: 3.429 GC heap after
{Heap after GC invocations=12 (full 0):
 garbage-first heap   total 75776K, used 22423K [0x0000000701000000, 0x0000000800000000)
  region size 2048K, 2 young (4096K), 2 survivors (4096K)
 Metaspace       used 54823K, committed 55232K, reserved 1097728K
  class space    used 7395K, committed 7616K, reserved 1048576K
}
Event: 8.142 GC heap before
{Heap before GC invocations=12 (full 0):
 garbage-first heap   total 75776K, used 49047K [0x0000000701000000, 0x0000000800000000)
  region size 2048K, 16 young (32768K), 2 survivors (4096K)
 Metaspace       used 59737K, committed 60288K, reserved 1105920K
  class space    used 8016K, committed 8320K, reserved 1048576K
}
Event: 8.147 GC heap after
{Heap after GC invocations=13 (full 0):
 garbage-first heap   total 75776K, used 25810K [0x0000000701000000, 0x0000000800000000)
  region size 2048K, 3 young (6144K), 3 survivors (6144K)
 Metaspace       used 59737K, committed 60288K, reserved 1105920K
  class space    used 8016K, committed 8320K, reserved 1048576K
}

